<?xml version="1.0" encoding="UTF-8"?>
<testsuite xmlns:xsi="http://www.w3.org/2001/XMLSchema-instance" xsi:noNamespaceSchemaLocation="https://maven.apache.org/surefire/maven-surefire-plugin/xsd/surefire-test-report-3.0.xsd" version="3.0" name="TestSuite" time="26.032" tests="9" errors="0" skipped="0" failures="0">
  <properties>
[...]
</properties>
  <testcase name="runScenario[&quot;Create a new user with different data&quot;, &quot;CRUD Operations for Users&quot;](1)" classname="testrunners.TestRunner" time="2.956">
    <system-out><![CDATA[
Scenario Outline: Create a new user with different data                                                        # src/test/resources/features/crud.feature:12
  Given the user payload is ready with name "Anuroop Jha", username "anuroopjha", and email "annu@example.com" # stepdefinitions.CrudSteps.the_user_payload_is_ready(java.lang.String,java.lang.String,java.lang.String)
  When I send a POST request to "createUserEndpoint"                                                           # stepdefinitions.CrudSteps.send_post_request(java.lang.String)
  Then the response status code should be 201                                                                  # stepdefinitions.CrudSteps.the_response_status_code_should_be(int)
  And the response should contain the username "anuroopjha"                                                    # stepdefinitions.CrudSteps.the_response_should_contain_the_user_name(java.lang.String)
  And the response should contain the email "annu@example.com"                                                 # stepdefinitions.CrudSteps.the_response_should_contain_the_email(java.lang.String)
]]></system-out>
    <system-err><![CDATA[SLF4J: Failed to load class "org.slf4j.impl.StaticLoggerBinder".
SLF4J: Defaulting to no-operation (NOP) logger implementation
SLF4J: See http://www.slf4j.org/codes.html#StaticLoggerBinder for further details.
May 17, 2025 11:27:01 PM org.openqa.selenium.remote.tracing.opentelemetry.OpenTelemetryTracer createTracer
INFO: Using OpenTelemetry for tracing
]]></system-err>
  </testcase>
  <testcase name="runScenario[&quot;Create a new user with different data&quot;, &quot;CRUD Operations for Users&quot;](2)" classname="testrunners.TestRunner" time="0.907">
    <system-out><![CDATA[
Scenario Outline: Create a new user with different data                                                     # src/test/resources/features/crud.feature:13
  Given the user payload is ready with name "Meenu Sharma", username "meenu", and email "meenu@example.com" # stepdefinitions.CrudSteps.the_user_payload_is_ready(java.lang.String,java.lang.String,java.lang.String)
  When I send a POST request to "createUserEndpoint"                                                        # stepdefinitions.CrudSteps.send_post_request(java.lang.String)
  Then the response status code should be 201                                                               # stepdefinitions.CrudSteps.the_response_status_code_should_be(int)
  And the response should contain the username "meenu"                                                      # stepdefinitions.CrudSteps.the_response_should_contain_the_user_name(java.lang.String)
  And the response should contain the email "meenu@example.com"                                             # stepdefinitions.CrudSteps.the_response_should_contain_the_email(java.lang.String)
]]></system-out>
  </testcase>
  <testcase name="runScenario[&quot;Create a new user with different data&quot;, &quot;CRUD Operations for Users&quot;](3)" classname="testrunners.TestRunner" time="1.062">
    <system-out><![CDATA[
Scenario Outline: Create a new user with different data                                                  # src/test/resources/features/crud.feature:14
  Given the user payload is ready with name "Shiv Pratap", username "shiv", and email "shiv@example.com" # stepdefinitions.CrudSteps.the_user_payload_is_ready(java.lang.String,java.lang.String,java.lang.String)
  When I send a POST request to "createUserEndpoint"                                                     # stepdefinitions.CrudSteps.send_post_request(java.lang.String)
  Then the response status code should be 201                                                            # stepdefinitions.CrudSteps.the_response_status_code_should_be(int)
  And the response should contain the username "shiv"                                                    # stepdefinitions.CrudSteps.the_response_should_contain_the_user_name(java.lang.String)
  And the response should contain the email "shiv@example.com"                                           # stepdefinitions.CrudSteps.the_response_should_contain_the_email(java.lang.String)
]]></system-out>
  </testcase>
  <testcase name="runScenario[&quot;Get user details&quot;, &quot;CRUD Operations for Users&quot;](4)" classname="testrunners.TestRunner" time="0.855">
    <system-out><![CDATA[
Scenario: Get user details                       # src/test/resources/features/crud.feature:16
  When I send a GET request to "getUserEndpoint" # stepdefinitions.CrudSteps.send_get_request(java.lang.String)
  Then the response status code should be 200    # stepdefinitions.CrudSteps.the_response_status_code_should_be(int)
]]></system-out>
  </testcase>
  <testcase name="runScenario[&quot;Update a user&quot;, &quot;CRUD Operations for Users&quot;](5)" classname="testrunners.TestRunner" time="1.041">
    <system-out><![CDATA[
Scenario: Update a user                             # src/test/resources/features/crud.feature:20
  Given the user payload is ready                   # stepdefinitions.CrudSteps.the_user_payload_is_ready()
  When I send a PUT request to "updateUserEndpoint" # stepdefinitions.CrudSteps.send_put_request(java.lang.String)
  Then the response status code should be 200       # stepdefinitions.CrudSteps.the_response_status_code_should_be(int)
]]></system-out>
  </testcase>
  <testcase name="runScenario[&quot;Delete a user&quot;, &quot;CRUD Operations for Users&quot;](6)" classname="testrunners.TestRunner" time="1.147">
    <system-out><![CDATA[
Scenario: Delete a user                                # src/test/resources/features/crud.feature:25
  When I send a DELETE request to "deleteUserEndpoint" # stepdefinitions.CrudSteps.send_delete_request(java.lang.String)
  Then the response status code should be 200          # stepdefinitions.CrudSteps.the_response_status_code_should_be(int)
  And the response body should be empty                # stepdefinitions.CrudSteps.the_response_body_should_be_empty()
]]></system-out>
  </testcase>
  <testcase name="runScenario[&quot;Verify login functionality with multiple credentials&quot;, &quot;Login Functionality for OrangeHRM&quot;](7)" classname="testrunners.TestRunner" time="5.035">
    <system-out><![CDATA[
Scenario Outline: Verify login functionality with multiple credentials                                          # src/test/resources/features/login.feature:29
  Given I open the browser and navigate to "https://opensource-demo.orangehrmlive.com/web/index.php/auth/login" # stepdefinitions.LoginSteps.i_open_the_browser_and_navigate_to(java.lang.String)
  When I enter username "invalidUser" and password "admin123"                                                   # stepdefinitions.LoginSteps.i_enter_username_and_password(java.lang.String,java.lang.String)
  And I click on the login button                                                                               # stepdefinitions.LoginSteps.i_click_on_the_login_button()
  Then I should see "Invalid credentials"                                                                       # stepdefinitions.LoginSteps.i_should_see(java.lang.String)
]]></system-out>
  </testcase>
  <testcase name="runScenario[&quot;Verify login functionality with multiple credentials&quot;, &quot;Login Functionality for OrangeHRM&quot;](8)" classname="testrunners.TestRunner" time="4.921">
    <system-out><![CDATA[
Scenario Outline: Verify login functionality with multiple credentials                                          # src/test/resources/features/login.feature:30
  Given I open the browser and navigate to "https://opensource-demo.orangehrmlive.com/web/index.php/auth/login" # stepdefinitions.LoginSteps.i_open_the_browser_and_navigate_to(java.lang.String)
  When I enter username "Admin" and password "wrongpass"                                                        # stepdefinitions.LoginSteps.i_enter_username_and_password(java.lang.String,java.lang.String)
  And I click on the login button                                                                               # stepdefinitions.LoginSteps.i_click_on_the_login_button()
  Then I should see "Invalid credentials"                                                                       # stepdefinitions.LoginSteps.i_should_see(java.lang.String)
]]></system-out>
  </testcase>
  <testcase name="runScenario[&quot;Verify login functionality with multiple credentials&quot;, &quot;Login Functionality for OrangeHRM&quot;](9)" classname="testrunners.TestRunner" time="5.417">
    <system-out><![CDATA[
Scenario Outline: Verify login functionality with multiple credentials                                          # src/test/resources/features/login.feature:31
  Given I open the browser and navigate to "https://opensource-demo.orangehrmlive.com/web/index.php/auth/login" # stepdefinitions.LoginSteps.i_open_the_browser_and_navigate_to(java.lang.String)
  When I enter username "Admin" and password "admin123"                                                         # stepdefinitions.LoginSteps.i_enter_username_and_password(java.lang.String,java.lang.String)
  And I click on the login button                                                                               # stepdefinitions.LoginSteps.i_click_on_the_login_button()
  Then I should see "Dashboard displayed"                                                                       # stepdefinitions.LoginSteps.i_should_see(java.lang.String)
]]></system-out>
  </testcase>
</testsuite>