<?xml version="1.0" encoding="UTF-8"?>
<testng-results ignored="0" total="9" passed="9" failed="0" skipped="0">
  <reporter-output>
  </reporter-output>
  <suite started-at="2025-05-17T23:27:01 IST" name="Suite" finished-at="2025-05-17T23:27:26 IST" duration-ms="25659">
    <groups>
      <group name="cucumber">
        <method signature="AbstractTestNGCucumberTests.runScenario(io.cucumber.testng.PickleWrapper,io.cucumber.testng.FeatureWrapper)[pri:0, instance:testrunners.TestRunner@323b36e0]" name="runScenario" class="io.cucumber.testng.AbstractTestNGCucumberTests"/>
      </group> <!-- cucumber -->
    </groups>
    <test started-at="2025-05-17T23:27:01 IST" name="API CRUD Tests" finished-at="2025-05-17T23:27:26 IST" duration-ms="25659">
      <class name="testrunners.TestRunner">
        <test-method is-config="true" signature="setUpClass(org.testng.ITestContext)[pri:0, instance:testrunners.TestRunner@323b36e0]" started-at="2025-05-17T23:27:01 IST" name="setUpClass" finished-at="2025-05-17T23:27:01 IST" duration-ms="464" status="PASS">
          <params>
            <param index="0">
              <value>
                <![CDATA[org.testng.TestRunner@79424f25]]>
              </value>
            </param>
          </params>
          <reporter-output>
          </reporter-output>
        </test-method> <!-- setUpClass -->
        <test-method signature="runScenario(io.cucumber.testng.PickleWrapper,io.cucumber.testng.FeatureWrapper)[pri:0, instance:testrunners.TestRunner@323b36e0]" started-at="2025-05-17T23:27:01 IST" name="runScenario" description="Runs Cucumber Scenarios" data-provider="scenarios" finished-at="2025-05-17T23:27:04 IST" duration-ms="2955" status="PASS">
          <params>
            <param index="0">
              <value>
                <![CDATA["Create a new user with different data"]]>
              </value>
            </param>
            <param index="1">
              <value>
                <![CDATA["CRUD Operations for Users"]]>
              </value>
            </param>
          </params>
          <reporter-output>
          </reporter-output>
        </test-method> <!-- runScenario -->
        <test-method signature="runScenario(io.cucumber.testng.PickleWrapper,io.cucumber.testng.FeatureWrapper)[pri:0, instance:testrunners.TestRunner@323b36e0]" started-at="2025-05-17T23:27:04 IST" name="runScenario" description="Runs Cucumber Scenarios" data-provider="scenarios" finished-at="2025-05-17T23:27:05 IST" duration-ms="907" status="PASS">
          <params>
            <param index="0">
              <value>
                <![CDATA["Create a new user with different data"]]>
              </value>
            </param>
            <param index="1">
              <value>
                <![CDATA["CRUD Operations for Users"]]>
              </value>
            </param>
          </params>
          <reporter-output>
          </reporter-output>
        </test-method> <!-- runScenario -->
        <test-method signature="runScenario(io.cucumber.testng.PickleWrapper,io.cucumber.testng.FeatureWrapper)[pri:0, instance:testrunners.TestRunner@323b36e0]" started-at="2025-05-17T23:27:05 IST" name="runScenario" description="Runs Cucumber Scenarios" data-provider="scenarios" finished-at="2025-05-17T23:27:06 IST" duration-ms="1061" status="PASS">
          <params>
            <param index="0">
              <value>
                <![CDATA["Create a new user with different data"]]>
              </value>
            </param>
            <param index="1">
              <value>
                <![CDATA["CRUD Operations for Users"]]>
              </value>
            </param>
          </params>
          <reporter-output>
          </reporter-output>
        </test-method> <!-- runScenario -->
        <test-method signature="runScenario(io.cucumber.testng.PickleWrapper,io.cucumber.testng.FeatureWrapper)[pri:0, instance:testrunners.TestRunner@323b36e0]" started-at="2025-05-17T23:27:06 IST" name="runScenario" description="Runs Cucumber Scenarios" data-provider="scenarios" finished-at="2025-05-17T23:27:07 IST" duration-ms="855" status="PASS">
          <params>
            <param index="0">
              <value>
                <![CDATA["Get user details"]]>
              </value>
            </param>
            <param index="1">
              <value>
                <![CDATA["CRUD Operations for Users"]]>
              </value>
            </param>
          </params>
          <reporter-output>
          </reporter-output>
        </test-method> <!-- runScenario -->
        <test-method signature="runScenario(io.cucumber.testng.PickleWrapper,io.cucumber.testng.FeatureWrapper)[pri:0, instance:testrunners.TestRunner@323b36e0]" started-at="2025-05-17T23:27:07 IST" name="runScenario" description="Runs Cucumber Scenarios" data-provider="scenarios" finished-at="2025-05-17T23:27:08 IST" duration-ms="1040" status="PASS">
          <params>
            <param index="0">
              <value>
                <![CDATA["Update a user"]]>
              </value>
            </param>
            <param index="1">
              <value>
                <![CDATA["CRUD Operations for Users"]]>
              </value>
            </param>
          </params>
          <reporter-output>
          </reporter-output>
        </test-method> <!-- runScenario -->
        <test-method signature="runScenario(io.cucumber.testng.PickleWrapper,io.cucumber.testng.FeatureWrapper)[pri:0, instance:testrunners.TestRunner@323b36e0]" started-at="2025-05-17T23:27:08 IST" name="runScenario" description="Runs Cucumber Scenarios" data-provider="scenarios" finished-at="2025-05-17T23:27:09 IST" duration-ms="1146" status="PASS">
          <params>
            <param index="0">
              <value>
                <![CDATA["Delete a user"]]>
              </value>
            </param>
            <param index="1">
              <value>
                <![CDATA["CRUD Operations for Users"]]>
              </value>
            </param>
          </params>
          <reporter-output>
          </reporter-output>
        </test-method> <!-- runScenario -->
        <test-method signature="runScenario(io.cucumber.testng.PickleWrapper,io.cucumber.testng.FeatureWrapper)[pri:0, instance:testrunners.TestRunner@323b36e0]" started-at="2025-05-17T23:27:09 IST" name="runScenario" description="Runs Cucumber Scenarios" data-provider="scenarios" finished-at="2025-05-17T23:27:14 IST" duration-ms="5034" status="PASS">
          <params>
            <param index="0">
              <value>
                <![CDATA["Verify login functionality with multiple credentials"]]>
              </value>
            </param>
            <param index="1">
              <value>
                <![CDATA["Login Functionality for OrangeHRM"]]>
              </value>
            </param>
          </params>
          <reporter-output>
          </reporter-output>
        </test-method> <!-- runScenario -->
        <test-method signature="runScenario(io.cucumber.testng.PickleWrapper,io.cucumber.testng.FeatureWrapper)[pri:0, instance:testrunners.TestRunner@323b36e0]" started-at="2025-05-17T23:27:14 IST" name="runScenario" description="Runs Cucumber Scenarios" data-provider="scenarios" finished-at="2025-05-17T23:27:19 IST" duration-ms="4921" status="PASS">
          <params>
            <param index="0">
              <value>
                <![CDATA["Verify login functionality with multiple credentials"]]>
              </value>
            </param>
            <param index="1">
              <value>
                <![CDATA["Login Functionality for OrangeHRM"]]>
              </value>
            </param>
          </params>
          <reporter-output>
          </reporter-output>
        </test-method> <!-- runScenario -->
        <test-method signature="runScenario(io.cucumber.testng.PickleWrapper,io.cucumber.testng.FeatureWrapper)[pri:0, instance:testrunners.TestRunner@323b36e0]" started-at="2025-05-17T23:27:19 IST" name="runScenario" description="Runs Cucumber Scenarios" data-provider="scenarios" finished-at="2025-05-17T23:27:25 IST" duration-ms="5417" status="PASS">
          <params>
            <param index="0">
              <value>
                <![CDATA["Verify login functionality with multiple credentials"]]>
              </value>
            </param>
            <param index="1">
              <value>
                <![CDATA["Login Functionality for OrangeHRM"]]>
              </value>
            </param>
          </params>
          <reporter-output>
          </reporter-output>
        </test-method> <!-- runScenario -->
        <test-method is-config="true" signature="tearDownClass()[pri:0, instance:testrunners.TestRunner@323b36e0]" started-at="2025-05-17T23:27:25 IST" name="tearDownClass" finished-at="2025-05-17T23:27:26 IST" duration-ms="1820" status="PASS">
          <reporter-output>
          </reporter-output>
        </test-method> <!-- tearDownClass -->
      </class> <!-- testrunners.TestRunner -->
    </test> <!-- API CRUD Tests -->
  </suite> <!-- Suite -->
</testng-results>
